Cil.map
CilSim.map
CilLt.map
CilIt.map
CilF1.map
CilF2.map
CilYn.map
Pmm.cfg
PmmSim.cfg
PmmSimPower.cfg
PmmLt.cfg
PmmIt.cfg
PmmF1.cfg
PmmF2.cfg
PmmYn.cfg
Chb.cfg
Log.cfg
LogSim.cfg
LogLt.cfg
LogIt.cfg
LogF1.cfg
LogF2.cfg
LogYn.cfg
EtcDev
EtcSim
EtcSimPower
EtcLt
EtcIt
EtcF1
EtcF2
EtcYn
Etc.lis
EtcRoot
EtcMaintain
EtcStartup
EtcCleanup
EtcChAttr
EtcChAttrRoot
EtcChAttrMaintain
AcnLtAzimuth.cfg
AcnLtAltitude.cfg
AcnLtCassegrain.cfg
AmnLtAuxMech.cfg
AmnLtMirror.cfg
AcnItAzimuth.cfg
AcnItAltitude.cfg
AcnItCassegrain.cfg
AmnItAuxMech.cfg
AmnItMirror.cfg
AcnF1Azimuth.cfg
AcnF1Altitude.cfg
AcnF1Cassegrain.cfg
AmnF1AuxMech.cfg
AmnF1Mirror.cfg
AcnF2Azimuth.cfg
AcnF2Altitude.cfg
AcnF2Cassegrain.cfg
AmnF2AuxMech.cfg
AmnF2Mirror.cfg
AcnYnAzimuth.cfg
AcnYnAltitude.cfg
AcnYnCassegrain.cfg
AcnYnNasMinus.cfg
AmnYnAuxMech.cfg
AmnYnMirror.cfg
Hnf_hm4f1az18_83.cfg
Hnf_hm4f1az18_63.cfg
Hnf_hm4az12_92.cfg
Hnf_hm4az12_63.cfg
Hnf_hm4az12_83.cfg
Hnf_hm4az12_2high_63.cfg
Hnf_hm4az12_2high_73.cfg
Hnf_hm4az12_2high_83.cfg
Hnf_hm4az12_2high_73+10%.cfg
Hnf_haz1Iusiso_11discrete.cfg
Hnf_haz1LTsiso_11discrete.cfg
Hnf_hm4f1az18_83_P2a.cfg
Hnf_hm4f1az18_63_P2a.cfg
Hnf_hm4f1az25_63.cfg
Hnf_hm4f1az25_83.cfg
Hnf_hm4f1az26_63.cfg
Hnf_hm4f1az26_83.cfg
Hnf_hm31alt466j3_125.cfg
Hnf_hm40alt470j3_125.cfg
Hnf_hm33alt470j3_125.cfg
Hnf_hm40alt470j3notch1.cfg
Hnf_hm40alt470j3notch2.cfg
Hnf_hazyu7_83.cfg
Hnf_hazyu7_63.cfg
Hnf_hazyu20b_63.cfg
Hnf_hazyu20b_83.cfg
Hnf_hazyu10_2_0.cfg
Hnf_hazyu10_2_0_63.cfg
Hnf_haltyu3_113.cfg
Hnf_haltyu8_113.cfg
Hnf_haltyu8notch.cfg
Hnf_hcas3discrete.cfg
Hnf_hcas3discrete_16.cfg
Hnf_hcas3discrete_25.cfg
Hnf_hnaz1discrete.cfg
Hnf_hnaz2discrete.cfg
Hnf_hnaz3discrete.cfg
SimAzimuth.cfg
SimAltitude.cfg
SimCassegrain.cfg
SimNasMinus.cfg
SimAuxMech.cfg
SimMirror.cfg
AggLt.cfg
AggIt.cfg
AggF1.cfg
AggF2.cfg
AggYn.cfg
CctMcc.cfg
CctScc.cfg
CctAcc.cfg
CctAzm.cfg
CctAlt.cfg
CctCas.cfg
CctRot.cfg
CctNmi.cfg
CctAmn.cfg
CctOcc.cfg
CctSys.cfg
CctOccShutdown.cfg
SimCctAcc.cfg
SimCctAzm.cfg
SimCctAlt.cfg
SimCctRot.cfg
SimCctCas.cfg
SimCctNmi.cfg
SimCctAmn.cfg
CmtLtScc.cfg
CmtLtMcc.cfg
CmtLtAcc.cfg
CmtLtAzm.cfg
CmtLtAlt.cfg
CmtLtCas.cfg
CmtLtAmn.cfg
CmtLtOcc.cfg
CmtLtSys.cfg
CmtItScc.cfg
CmtItMcc.cfg
CmtItAcc.cfg
CmtItAzm.cfg
CmtItAlt.cfg
CmtItCas.cfg
CmtItAmn.cfg
CmtItSys.cfg
CmtF1Scc.cfg
CmtF1Mcc.cfg
CmtF1Acc.cfg
CmtF1Azm.cfg
CmtF1Alt.cfg
CmtF1Cas.cfg
CmtF1Amn.cfg
CmtF1Occ.cfg
CmtF1Sys.cfg
CmtF2Scc.cfg
CmtF2Mcc.cfg
CmtF2Acc.cfg
CmtF2Azm.cfg
CmtF2Alt.cfg
CmtF2Cas.cfg
CmtF2Amn.cfg
CmtF2Occ.cfg
CmtF2Sys.cfg
CmtYnScc.cfg
CmtYnMcc.cfg
CmtYnAcc.cfg
CmtYnAzm.cfg
CmtYnAlt.cfg
CmtYnRot.cfg
CmtYnAmn.cfg
CmtYnOcc.cfg
CmtYnSys.cfg
CmtSimScc.cfg
CmtSimMcc.cfg
CmtSimAcc.cfg
CmtSimAzm.cfg
CmtSimAlt.cfg
CmtSimRot.cfg
CmtSimAmn.cfg
CmtSimOcc.cfg
CmtSimSys.cfg
Ept.cfg
EptLt.cfg
EptF1.cfg
EptF2.cfg
Iet.cfg
IetIt.cfg
IetYn.cfg
Spt.cfg
SptIt.cfg
SptLt.cfg
SptF1.cfg
SptF2.cfg
SpiYn.cfg
Wms.cfg
WmsSimPower.cfg
WmsLt.cfg
WmsIt.cfg
WmsF1.cfg
WmsF2.cfg
WmsYn.cfg
WmsF1.qli
WmsF2.qli
Dat.cfg
DatLt.cfg
DatIt.cfg
DatF1.cfg
DatF2.cfg
DatYn.cfg
Std.cfg
McpActivate.tst
McpFullRestart.tst
McpFullStartup.tst
McpImmedShutdown.tst
McpPartialShutdown.tst
McpPartialStartup.tst
McpSafeState.tst
McpShutdown.tst
McpOperationalOn.tst
McpOperationalOff.tst
McpCancelOperOn.tst
McpCancelOperOff.tst
McpRereadCfg.tst
McpSoftShutdown.tst
McpForceOperOn.tst
McpForceOperOff.tst
McpOperationalPause.tst
McpSelCassegrain.tst
McpSelNasPlus.tst
McpSelNasMinus.tst
McpSelUser1.tst
McpSelUser2.tst
McpSelUser3.tst
McpSelUser4.tst
McpSelUser5.tst
AzmShutdown.tst
AltShutdown.tst
CasShutdown.tst
RotShutdown.tst
AmnShutdown.tst
FtpServer.cfg
FtpServerF1.cfg
FtpServerF2.cfg
FtpServerIt.cfg
FtpServerLt.cfg
FtpServerYn.cfg
EtcReadme.txt

