DAT,CSR,ENABLE_MOTION_TESTING
DAT,CSR,MOTION_CONTROL_TEST_MODE
DAT,CSR,START_LOGGING_COMMAND
DAT,CSR,VELOCITY_LIMIT
DAT,CSR,ACCELERATION_LIMIT
DAT,CSR,VELOCITY_CONTROL_DC_GAIN
DAT,CSR,MOTOR_1_VELOCITY
DAT,CSR,MOTOR_2_VELOCITY
DAT,CSR,MOTOR_VELOCITY_SUM
DAT,CSR,MOTOR_VELOCITY_DIFF
DAT,CSR,MTR_VEL_FEEDBACK_FRACTION
DAT,CSR,MTR_VEL_TRQ_CORRECTION
DAT,CSR,SERVO_CTRL_ALGORITHM_TYPE
DAT,CSR,SERVO_CTRL_ALGORITHM_VER
DAT,CSR,INTERRUPT_STUTTER_LIMIT
DAT,CSR,INTERRUPT_STUTTER_IGNORE
DAT,CSR,HNF_MODEL_ID_1
DAT,CSR,HNF_MODEL_ID_2
DAT,CSR,AXIS_VEL_GAIN
DAT,CSR,AXIS_VEL_TRQ_CORRECTION
DAT,CSR,RECOVER_L2_LIMIT
DAT,CSR,RECOVER_L2_VELOCITY
DAT,CSR,RECOVER_L2_DURATION
DAT,CSR,MOVE_RE_ENABLE
DAT,CSR,L1_LIMIT_TOLERANCE
DAT,CSR,PROFILER_TOLERANCE
DAT,CSR,PROFILER_DIFF
DAT,CSR,MAX_PROFILER_DIFF
DAT,CSR,MOVE_LO
DAT,CSR,MOVE_HI
DAT,CSR,MOVE_PARK_POSITION
DAT,CSR,AT_PARK_POSITION
DAT,CSR,NCI_PROC_STATE
DAT,CSR,NCI_VERSION
DAT,CSR,NCI_SERVER_SHUTDOWN
DAT,CSR,TALLY_BASE
DAT,CSR,NCO_PROC_STATE
DAT,CSR,NCO_VERSION
DAT,CSR,NCO_SERVER_SHUTDOWN
DAT,CSR,AES_PROC_STATE
DAT,CSR,AES_SERVER_SHUTDOWN
DAT,CSR,POSITION
DAT,CSR,PINION_TEETH
DAT,CSR,SPUR_TEETH
DAT,CSR,GREY_CODED
DAT,CSR,STATUS
DAT,CSR,TANNENBAUM_FMT
DAT,CSR,MULTITURN_BITS
DAT,CSR,SINGLETURN_BITS
DAT,CSR,SCALE
DAT,CSR,UNITS
DAT,CSR,MULTIPLIER
DAT,CSR,REVS
DAT,CSR,ORIGIN
DAT,CSR,OFFSET
DAT,CSR,TYPE
DAT,CSR,USER_SER_NUM
DAT,CSR,COUNTS_PER_TURN
DAT,CSR,MAX_REVS
DAT,CSR,FACTORY_SER_NUM
DAT,CSR,TOTAL_OP_TIME
DAT,CSR,AES_CLIENT_SHUTDOWN
DAT,CSR,READ_FAULTS
DAT,CSR,AES_AES_VERSION
DAT,CSR,AES_AEI_VERSION
DAT,CSR,OID_PROC_STATE
DAT,CSR,OID_VERSION
DAT,CSR,OID_SERVER_SHUTDOWN
DAT,CSR,ERR_AGENT_GET_VALUE
DAT,CSR,ERR_AGENT_SET_VALUE
DAT,CSR,ERR_AGENT_GET_ATTRIB
DAT,CSR,ERR_AGENT_SET_ATTRIB
DAT,CSR,ERR_AGENT_HEARTBEAT
DAT,CSR,ERR_AGENT_TRACK
DAT,CSR,ERR_AGENT_POLLSAFE
DAT,CSR,ERR_AGENT_POLLACTIVE
DAT,CSR,ERR_AGENT_GENERIC
DAT,NDR,TFP_PROC_STATE
DAT,NDR,TFP_APP_VERSION
DAT,NDR,TFP_SERVER_SHUTDOWN
