DAT, PFR, LIN_ENC_3_STATE
DAT, PFR, LIN_ENC_1_COUNT_PER_MM
DAT, PFR, LIN_ENC_2_COUNT_PER_MM
DAT, PFR, LIN_ENC_3_COUNT_PER_MM
DAT, PFR, LIN_ENC_1_OFFSET
DAT, PFR, LIN_ENC_2_OFFSET
DAT, PFR, LIN_ENC_3_OFFSET
DAT, PFR, LIN_ENC_1_ABS_COUNT
DAT, PFR, LIN_ENC_2_ABS_COUNT
DAT, PFR, LIN_ENC_3_ABS_COUNT
DAT, PFR, LIN_ENC_1_ABS_POS
DAT, PFR, LIN_ENC_2_ABS_POS
DAT, PFR, LIN_ENC_3_ABS_POS
DAT, PFR, LIN_ENC_1_REL_COUNT
DAT, PFR, LIN_ENC_2_REL_COUNT
DAT, PFR, LIN_ENC_3_REL_COUNT
DAT, PFR, LIN_ENC_1_REL_POS
DAT, PFR, LIN_ENC_2_REL_POS
DAT, PFR, LIN_ENC_3_REL_POS
DAT, PFR, AXIS_ENC_1_COMPOFF0
DAT, PFR, AXIS_ENC_1_COMPOFF90
DAT, PFR, AXIS_ENC_1_COMPPHASE0
DAT, PFR, AXIS_ENC_1_COMPPHASE90
DAT, PFR, AXIS_ENC_1_COMPSYMM0
DAT, PFR, AXIS_ENC_1_COMPSYMM90
DAT, PFR, AXIS_ENC_1_COMPFLAG1
DAT, PFR, AXIS_ENC_1_COMPFLAG2
DAT, PFR, AXIS_ENC_2_COMPOFF0
DAT, PFR, AXIS_ENC_2_COMPOFF90
DAT, PFR, AXIS_ENC_2_COMPPHASE0
DAT, PFR, AXIS_ENC_2_COMPPHASE90
DAT, PFR, AXIS_ENC_2_COMPSYMM0
DAT, PFR, AXIS_ENC_2_COMPSYMM90
DAT, PFR, AXIS_ENC_2_COMPFLAG1
DAT, PFR, AXIS_ENC_2_COMPFLAG2
DAT, PFR, AXIS_ENC_3_COMPOFF0
DAT, PFR, AXIS_ENC_3_COMPOFF90
DAT, PFR, AXIS_ENC_3_COMPPHASE0
DAT, PFR, AXIS_ENC_3_COMPPHASE90
DAT, PFR, AXIS_ENC_3_COMPSYMM0
DAT, PFR, AXIS_ENC_3_COMPSYMM90
DAT, PFR, AXIS_ENC_3_COMPFLAG1
DAT, PFR, AXIS_ENC_3_COMPFLAG2
DAT, PFR, AXIS_ENC_4_COMPOFF0
DAT, PFR, AXIS_ENC_4_COMPOFF90
DAT, PFR, AXIS_ENC_4_COMPPHASE0
DAT, PFR, AXIS_ENC_4_COMPPHASE90
DAT, PFR, AXIS_ENC_4_COMPSYMM0
DAT, PFR, AXIS_ENC_4_COMPSYMM90
DAT, PFR, AXIS_ENC_4_COMPFLAG1
DAT, PFR, AXIS_ENC_4_COMPFLAG2
DAT, PFR, AXIS_ENC_1_TALLY_NORMAL
DAT, PFR, AXIS_ENC_1_TALLY_SMALL
DAT, PFR, AXIS_ENC_1_TALLY_TOO_HIGH
DAT, PFR, AXIS_ENC_1_TALLY_TOO_SMALL
DAT, PFR, AXIS_ENC_1_TALLY_FREQ
DAT, PFR, AXIS_ENC_2_TALLY_NORMAL
DAT, PFR, AXIS_ENC_2_TALLY_SMALL
DAT, PFR, AXIS_ENC_2_TALLY_TOO_HIGH
DAT, PFR, AXIS_ENC_2_TALLY_TOO_SMALL
DAT, PFR, AXIS_ENC_2_TALLY_FREQ
DAT, PFR, AXIS_ENC_3_TALLY_NORMAL
DAT, PFR, AXIS_ENC_3_TALLY_SMALL
DAT, PFR, AXIS_ENC_3_TALLY_TOO_HIGH
DAT, PFR, AXIS_ENC_3_TALLY_TOO_SMALL
DAT, PFR, AXIS_ENC_3_TALLY_FREQ
DAT, PFR, AXIS_ENC_4_TALLY_NORMAL
DAT, PFR, AXIS_ENC_4_TALLY_SMALL
DAT, PFR, AXIS_ENC_4_TALLY_TOO_HIGH
DAT, PFR, AXIS_ENC_4_TALLY_TOO_SMALL
DAT, PFR, AXIS_ENC_4_TALLY_FREQ
DAT, PFR, AXIS_ENC_1_COMBINED_STATE
DAT, PFR, AXIS_ENC_2_COMBINED_STATE
DAT, PFR, AXIS_ENC_3_COMBINED_STATE
DAT, PFR, AXIS_ENC_4_COMBINED_STATE
DAT, PFR, AGN_PROC_STATE
DAT, PFR, AGN_VERSION
DAT, PFR, AGN_SERVER_SHUTDOWN
DAT, PFR, SERVER_PID
DAT, PFR, NSC_PROC_STATE
