DAT, OMR, NCI_VERSION
DAT, OMR, NCI_SERVER_SHUTDOWN
DAT, OMR, TALLY_BASE
DAT, OMR, NCO_PROC_STATE
DAT, OMR, NCO_VERSION
DAT, OMR, NCO_SERVER_SHUTDOWN
DAT, OMR, AGD_PROC_STATE
DAT, OMR, AGD_APP_VERSION
DAT, OMR, AGD_SHUTDOWN
DAT, OMR, AGD_STATE
DAT, OMR, AGD_ENABLE
DAT, OMR, AGD_HOME
DAT, OMR, AGD_DEMAND
DAT, OMR, AGD_ACTUAL
DAT, OMR, UNUSED_LIMIT_LO
DAT, OMR, UNUSED_LIMIT_HI
DAT, OMR, BRAKE_STATE
DAT, OMR, BRAKE_OFF
DAT, OMR, FILTER_STATE
DAT, OMR, FILTER_DEMAND
DAT, OMR, FILTER_ACTUAL
DAT, OMR, DARK_SLIDE_STATE
DAT, OMR, DARK_SLIDE_DEMAND
DAT, OMR, DARK_SLIDE_ACTUAL
DAT, OMR, AIR_STATE
DAT, OMR, AGD_STOP_DEMAND
DAT, OMR, AGD_RANGE_LO
DAT, OMR, AGD_RANGE_HI
DAT, OMR, AGD_HOME_TOLERANCE
DAT, OMR, DARK_SLIDE_FITTED
DAT, OMR, AGD_MAX_MOVING_TIME
DAT, OMR, AGD_STOPPED
DAT, OMR, AGD_AT_ZERO
DAT, OMR, AGD_HALT_DEMAND
DAT, OMR, AGD_ERROR
DAT, OMR, AGD_POSITION_OFFSET
DAT, OMR, AGD_POSITION_SCALAR
DAT, OMR, AGD_ULYNX_DEMAND
DAT, OMR, AGD_ULYNX_ACTUAL
DAT, OMR, AGD_POS_TOLERANCE
DAT, OMR, AGD_ULYNX_ERROR
DAT, OMR, AGD_AT_LO
DAT, OMR, AGD_AT_HI
DAT, OMR, AGD_MOVE_LO
DAT, OMR, AGD_MOVE_HI
DAT, OMR, AGF_PROC_STATE
DAT, OMR, AGF_APP_VERSION
DAT, OMR, AGF_SHUTDOWN
DAT, OMR, AGF_STATE
DAT, OMR, AGF_ENABLE
DAT, OMR, AGF_HOME
DAT, OMR, AGF_DEMAND
DAT, OMR, AGF_ACTUAL
DAT, OMR, UNUSED_LIMIT_LO
DAT, OMR, UNUSED_LIMIT_HI
DAT, OMR, AGF_STOP_DEMAND
DAT, OMR, AGF_RANGE_LO
DAT, OMR, AGF_RANGE_HI
DAT, OMR, AGF_HOME_TOLERANCE
DAT, OMR, AGF_MAX_MOVING_TIME
DAT, OMR, AGF_STOPPED
DAT, OMR, AGF_AT_ZERO
DAT, OMR, AGF_HALT_DEMAND
DAT, OMR, AGF_ERROR
DAT, OMR, AGF_POSITION_OFFSET
DAT, OMR, AGF_POSITION_SCALAR
DAT, OMR, AGF_ULYNX_DEMAND
DAT, OMR, AGF_ULYNX_ACTUAL
DAT, OMR, AGF_POS_TOLERANCE
DAT, OMR, AGF_ULYNX_ERROR
DAT, OMR, AGF_AT_LO
DAT, OMR, AGF_AT_HI
DAT, OMR, AGF_MOVE_LO
DAT, OMR, AGF_MOVE_HI
DAT, OMR, SFD_PROC_STATE
DAT, OMR, SFD_APP_VERSION
DAT, OMR, SFD_SHUTDOWN
DAT, OMR, SFD_STATE
DAT, OMR, SFD_ENABLE
DAT, OMR, SFD_HOME
