DAT, PFR, MOTOR_ENC_2_ABS_POS_DUMMY
DAT, PFR, AXIS_ENC_1_COUNT
DAT, PFR, AXIS_ENC_1_COUNT_DUMMY
DAT, PFR, AXIS_ENC_1_STATE
DAT, PFR, AXIS_ENC_1_REF_STATE
DAT, PFR, AXIS_ENC_2_COUNT
DAT, PFR, AXIS_ENC_2_COUNT_DUMMY
DAT, PFR, AXIS_ENC_2_STATE
DAT, PFR, AXIS_ENC_2_REF_STATE
DAT, PFR, AXIS_ENC_3_COUNT
DAT, PFR, AXIS_ENC_3_COUNT_DUMMY
DAT, PFR, AXIS_ENC_3_STATE
DAT, PFR, AXIS_ENC_3_REF_STATE
DAT, PFR, AXIS_ENC_4_COUNT
DAT, PFR, AXIS_ENC_4_COUNT_DUMMY
DAT, PFR, AXIS_ENC_4_STATE
DAT, PFR, AXIS_ENC_4_REF_STATE
DAT, PFR, AXIS_ENC_1_OFFSET
DAT, PFR, AXIS_ENC_1_OFFSET_DUMMY
DAT, PFR, AXIS_ENC_2_OFFSET
DAT, PFR, AXIS_ENC_2_OFFSET_DUMMY
DAT, PFR, AXIS_ENC_3_OFFSET
DAT, PFR, AXIS_ENC_3_OFFSET_DUMMY
DAT, PFR, AXIS_ENC_4_OFFSET
DAT, PFR, AXIS_ENC_4_OFFSET_DUMMY
DAT, PFR, AXIS_ENC_1_ABS_POSITION
DAT, PFR, AXIS_ENC_2_ABS_POSITION
DAT, PFR, AXIS_ENC_3_ABS_POSITION
DAT, PFR, AXIS_ENC_4_ABS_POSITION
DAT, PFR, AXIS_POS
DAT, PFR, AXIS_POS_DUMMY
DAT, PFR, HOME_AXIS_ENCODER_1
DAT, PFR, HOME_AXIS_ENCODER_2
DAT, PFR, HOME_AXIS_ENCODER_3
DAT, PFR, HOME_AXIS_ENCODER_4
DAT, PFR, ABS_ENCODER_POSITION
DAT, PFR, ABS_ENCODER_STATUS
DAT, PFR, JOIN_POSITION
DAT, PFR, HOMING_DIRECTION
DAT, PFR, HEAD_1_POSITION
DAT, PFR, HEAD_2_POSITION
DAT, PFR, HEAD_3_POSITION
DAT, PFR, HEAD_4_POSITION
DAT, PFR, USED_ENCODER_MASK
DAT, PFR, AXIS_COUNTS_PER_REV
DAT, PFR, MOTOR_COUNTS_PER_REV
DAT, PFR, MIN_TAPE_DIFF_COUNT
DAT, PFR, MAX_TAPE_DIFF_COUNT
DAT, PFR, AXIS_ENCODER_NEG_FEEDBACK
DAT, PFR, MOTOR_ENCODER_NEG_FEEDBACK
DAT, PFR, CLOCKWISE_L1_LIMIT_POSITION
DAT, PFR, ANTI_CW_L1_LIMIT_POSITION
DAT, PFR, AXIS_ENC_1_MIN_AMPL_STATUS
DAT, PFR, AXIS_ENC_1_MAX_AMPL_STATUS
DAT, PFR, AXIS_ENC_1_CUR_AMPL_STATUS
DAT, PFR, AXIS_ENC_1_FREQ_EXCEEDED
DAT, PFR, AXIS_ENC_2_MIN_AMPL_STATUS
DAT, PFR, AXIS_ENC_2_MAX_AMPL_STATUS
DAT, PFR, AXIS_ENC_2_CUR_AMPL_STATUS
DAT, PFR, AXIS_ENC_2_FREQ_EXCEEDED
DAT, PFR, AXIS_ENC_3_MIN_AMPL_STATUS
DAT, PFR, AXIS_ENC_3_MAX_AMPL_STATUS
DAT, PFR, AXIS_ENC_3_CUR_AMPL_STATUS
DAT, PFR, AXIS_ENC_3_FREQ_EXCEEDED
DAT, PFR, AXIS_ENC_4_MIN_AMPL_STATUS
DAT, PFR, AXIS_ENC_4_MAX_AMPL_STATUS
DAT, PFR, AXIS_ENC_4_CUR_AMPL_STATUS
DAT, PFR, AXIS_ENC_4_FREQ_EXCEEDED
DAT, PFR, AXIS_ENC_1_MIN_AMPL_CHANGE
DAT, PFR, AXIS_ENC_1_MAX_AMPL_CHANGE
DAT, PFR, AXIS_ENC_1_CUR_AMPL_CHANGE
DAT, PFR, AXIS_ENC_2_MIN_AMPL_CHANGE
DAT, PFR, AXIS_ENC_2_MAX_AMPL_CHANGE
DAT, PFR, AXIS_ENC_2_CUR_AMPL_CHANGE
DAT, PFR, AXIS_ENC_3_MIN_AMPL_CHANGE
DAT, PFR, AXIS_ENC_3_MAX_AMPL_CHANGE
DAT, PFR, AXIS_ENC_3_CUR_AMPL_CHANGE
DAT, PFR, AXIS_ENC_4_MIN_AMPL_CHANGE
DAT, PFR, AXIS_ENC_4_MAX_AMPL_CHANGE
DAT, PFR, AXIS_ENC_4_CUR_AMPL_CHANGE
