DAT,AZR,LIN_ENC_2_ABS_POS
DAT,AZR,LIN_ENC_3_ABS_POS
DAT,AZR,LIN_ENC_1_REL_COUNT
DAT,AZR,LIN_ENC_2_REL_COUNT
DAT,AZR,LIN_ENC_3_REL_COUNT
DAT,AZR,LIN_ENC_1_REL_POS
DAT,AZR,LIN_ENC_2_REL_POS
DAT,AZR,LIN_ENC_3_REL_POS
DAT,AZR,AXIS_ENC_1_COMPOFF0
DAT,AZR,AXIS_ENC_1_COMPOFF90
DAT,AZR,AXIS_ENC_1_COMPPHASE0
DAT,AZR,AXIS_ENC_1_COMPPHASE90
DAT,AZR,AXIS_ENC_1_COMPSYMM0
DAT,AZR,AXIS_ENC_1_COMPSYMM90
DAT,AZR,AXIS_ENC_1_COMPFLAG1
DAT,AZR,AXIS_ENC_1_COMPFLAG2
DAT,AZR,AXIS_ENC_2_COMPOFF0
DAT,AZR,AXIS_ENC_2_COMPOFF90
DAT,AZR,AXIS_ENC_2_COMPPHASE0
DAT,AZR,AXIS_ENC_2_COMPPHASE90
DAT,AZR,AXIS_ENC_2_COMPSYMM0
DAT,AZR,AXIS_ENC_2_COMPSYMM90
DAT,AZR,AXIS_ENC_2_COMPFLAG1
DAT,AZR,AXIS_ENC_2_COMPFLAG2
DAT,AZR,AXIS_ENC_3_COMPOFF0
DAT,AZR,AXIS_ENC_3_COMPOFF90
DAT,AZR,AXIS_ENC_3_COMPPHASE0
DAT,AZR,AXIS_ENC_3_COMPPHASE90
DAT,AZR,AXIS_ENC_3_COMPSYMM0
DAT,AZR,AXIS_ENC_3_COMPSYMM90
DAT,AZR,AXIS_ENC_3_COMPFLAG1
DAT,AZR,AXIS_ENC_3_COMPFLAG2
DAT,AZR,AXIS_ENC_4_COMPOFF0
DAT,AZR,AXIS_ENC_4_COMPOFF90
DAT,AZR,AXIS_ENC_4_COMPPHASE0
DAT,AZR,AXIS_ENC_4_COMPPHASE90
DAT,AZR,AXIS_ENC_4_COMPSYMM0
DAT,AZR,AXIS_ENC_4_COMPSYMM90
DAT,AZR,AXIS_ENC_4_COMPFLAG1
DAT,AZR,AXIS_ENC_4_COMPFLAG2
DAT,AZR,AXIS_ENC_1_TALLY_SMALL
DAT,AZR,AXIS_ENC_1_TALLY_TOO_HIGH
DAT,AZR,AXIS_ENC_1_TALLY_TOO_SMALL
DAT,AZR,AXIS_ENC_1_TALLY_FREQ
DAT,AZR,AXIS_ENC_2_TALLY_SMALL
DAT,AZR,AXIS_ENC_2_TALLY_TOO_HIGH
DAT,AZR,AXIS_ENC_2_TALLY_TOO_SMALL
DAT,AZR,AXIS_ENC_2_TALLY_FREQ
DAT,AZR,AXIS_ENC_3_TALLY_SMALL
DAT,AZR,AXIS_ENC_3_TALLY_TOO_HIGH
DAT,AZR,AXIS_ENC_3_TALLY_TOO_SMALL
DAT,AZR,AXIS_ENC_3_TALLY_FREQ
DAT,AZR,AXIS_ENC_4_TALLY_SMALL
DAT,AZR,AXIS_ENC_4_TALLY_TOO_HIGH
DAT,AZR,AXIS_ENC_4_TALLY_TOO_SMALL
DAT,AZR,AXIS_ENC_4_TALLY_FREQ
DAT,AZR,AXIS_ENC_1_COMBINED_STATE
DAT,AZR,AXIS_ENC_2_COMBINED_STATE
DAT,AZR,AXIS_ENC_3_COMBINED_STATE
DAT,AZR,AXIS_ENC_4_COMBINED_STATE
DAT,AZR,AGN_PROC_STATE
DAT,AZR,AGN_VERSION
DAT,AZR,AGN_SERVER_SHUTDOWN
DAT,AZR,SERVER_PID
DAT,AZR,NSC_PROC_STATE
DAT,AZR,NSC_APP_VERSION
DAT,AZR,TOP_LEVEL_STATE
DAT,AZR,NSC_NODE_SHUTDOWN_COMMAND
DAT,AZR,NSC_ENABLE
DAT,AZR,NSC_HOME
DAT,AZR,NSC_STOP_DEMAND
DAT,AZR,SAFE_STATE_COMMAND
DAT,AZR,ACTIVATE_COMMAND
DAT,AZR,AXIS_STOPPED
DAT,AZR,NSC_HALT_DEMAND
DAT,AZR,RECOVER_LIMIT
DAT,AZR,USER_REPORTED_STATE
DAT,AZR,HOMED
DAT,AZR,NMC_PROC_STATE
DAT,AZR,NMC_APP_VERSION
