DAT, WMS, WMS_APP_VERSION
DAT, WMS, READING_PT
DAT, WMS, OUTOFRANGE_PT
DAT, WMS, RANGELO_PT
DAT, WMS, RANGEHI_PT
DAT, WMS, RANGEPC_PT
DAT, WMS, NOUTOFRANGE_PT
DAT, WMS, SEVCRIT_PT
DAT, WMS, USEREADING_PT
DAT, WMS, LOCAL_PT
DAT, WMS, SUMMARY_PT
DAT, WMS, READING_VH
DAT, WMS, OUTOFRANGE_VH
DAT, WMS, RANGELO_VH
DAT, WMS, RANGEHI_VH
DAT, WMS, RANGEPC_VH
DAT, WMS, NOUTOFRANGE_VH
DAT, WMS, SEVCRIT_VH
DAT, WMS, USEREADING_VH
DAT, WMS, LOCAL_VH
DAT, WMS, SUMMARY_VH
DAT, WMS, READING_TDEW
DAT, WMS, OUTOFRANGE_TDEW
DAT, WMS, RANGELO_TDEW
DAT, WMS, RANGEHI_TDEW
DAT, WMS, RANGEPC_TDEW
DAT, WMS, NOUTOFRANGE_TDEW
DAT, WMS, SEVCRIT_TDEW
DAT, WMS, USEREADING_TDEW
DAT, WMS, LOCAL_TDEW
DAT, WMS, SUMMARY_TDEW
DAT, WMS, READING_F1WS
DAT, WMS, OUTOFRANGE_F1WS
DAT, WMS, RANGELO_F1WS
DAT, WMS, RANGEHI_F1WS
DAT, WMS, RANGEPC_F1WS
DAT, WMS, NOUTOFRANGE_F1WS
DAT, WMS, SEVCRIT_F1WS
DAT, WMS, USEREADING_F1WS
DAT, WMS, LOCAL_F1WS
DAT, WMS, SUMMARY_F1WS
DAT, WMS, READING_RPWD
DAT, WMS, OUTOFRANGE_RPWD
DAT, WMS, RANGELO_RPWD
DAT, WMS, RANGEHI_RPWD
DAT, WMS, RANGEPC_RPWD
DAT, WMS, NOUTOFRANGE_RPWD
DAT, WMS, SEVCRIT_RPWD
DAT, WMS, USEREADING_RPWD
DAT, WMS, LOCAL_RPWD
DAT, WMS, SUMMARY_RPWD
DAT, WMS, READING_VPR
DAT, WMS, OUTOFRANGE_VPR
DAT, WMS, RANGELO_VPR
DAT, WMS, RANGEHI_VPR
DAT, WMS, RANGEPC_VPR
DAT, WMS, NOUTOFRANGE_VPR
DAT, WMS, SEVCRIT_VPR
DAT, WMS, USEREADING_VPR
DAT, WMS, LOCAL_VPR
DAT, WMS, SUMMARY_VPR
DAT, WMS, READING_DSWE
DAT, WMS, OUTOFRANGE_DSWE
DAT, WMS, RANGELO_DSWE
DAT, WMS, RANGEHI_DSWE
DAT, WMS, RANGEPC_DSWE
DAT, WMS, NOUTOFRANGE_DSWE
DAT, WMS, SEVCRIT_DSWE
DAT, WMS, USEREADING_DSWE
DAT, WMS, LOCAL_DSWE
DAT, WMS, SUMMARY_DSWE
DAT, WMS, READING_VWE
DAT, WMS, OUTOFRANGE_VWE
DAT, WMS, RANGELO_VWE
DAT, WMS, RANGEHI_VWE
DAT, WMS, RANGEPC_VWE
DAT, WMS, NOUTOFRANGE_VWE
DAT, WMS, SEVCRIT_VWE
DAT, WMS, USEREADING_VWE
DAT, WMS, LOCAL_VWE
